Using pre-set license

 COMMAND LINE ARGUMENTS:
/Applications/Unity/Hub/Editor/2021.1.5f1/Unity.app/Contents/MacOS/Unity
-adb2
-batchMode
-noUpm
-name
AssetImportWorker0
-projectPath
/Users/matt/Downloads/ch08/unity-cookbook-2020-ch08-02-unity-to-webleaderboard-comms
-logFile
Logs/AssetImportWorker0.log
-srvPort
49929
Successfully changed project path to: /Users/matt/Downloads/ch08/unity-cookbook-2020-ch08-02-unity-to-webleaderboard-comms
/Users/matt/Downloads/ch08/unity-cookbook-2020-ch08-02-unity-to-webleaderboard-comms
Using Asset Import Pipeline V2.
Refreshing native plugins compatible for Editor in 35.85 ms, found 1 plugins.
Preloading 0 native plugins for Editor in 0.00 ms.
Initialize engine version: 2021.1.5f1 (3737af19df53)
[Subsystems] Discovering subsystems at path /Applications/Unity/Hub/Editor/2021.1.5f1/Unity.app/Contents/Resources/UnitySubsystems
[Subsystems] Discovering subsystems at path /Users/matt/Downloads/ch08/unity-cookbook-2020-ch08-02-unity-to-webleaderboard-comms/Assets
GfxDevice: creating device client; threaded=0; jobified=0
2021-06-22 09:10:59.330 Unity[1484:20481] U32J59x preferred device: AMD Radeon Pro 560X (high power)
2021-06-22 09:10:59.330 Unity[1484:20481] Metal devices available: 2
2021-06-22 09:10:59.330 Unity[1484:20481] 0: AMD Radeon Pro 560X (high power)
2021-06-22 09:10:59.330 Unity[1484:20481] 1: Intel(R) UHD Graphics 630 (low power)
2021-06-22 09:10:59.331 Unity[1484:20481] Using device AMD Radeon Pro 560X (high power)
Initializing Metal device caps: AMD Radeon Pro 560X
Initialize mono
Mono path[0] = '/Applications/Unity/Hub/Editor/2021.1.5f1/Unity.app/Contents/Managed'
Mono path[1] = '/Applications/Unity/Hub/Editor/2021.1.5f1/Unity.app/Contents/MonoBleedingEdge/lib/mono/unityjit'
Mono config path = '/Applications/Unity/Hub/Editor/2021.1.5f1/Unity.app/Contents/MonoBleedingEdge/etc'
Using monoOptions --debugger-agent=transport=dt_socket,embedding=1,server=y,suspend=n,address=127.0.0.1:56484
Begin MonoManager ReloadAssembly
Registering precompiled unity dll's ...
Register platform support module: /Applications/Unity/Hub/Editor/2021.1.5f1/Unity.app/Contents/PlaybackEngines/MacStandaloneSupport/UnityEditor.OSXStandalone.Extensions.dll
Registered in 0.000340 seconds.
Native extension for OSXStandalone target not found
Refreshing native plugins compatible for Editor in 33.51 ms, found 1 plugins.
Preloading 0 native plugins for Editor in 0.00 ms.
Mono: successfully reloaded assembly
- Completed reload, in  1.451 seconds
Platform modules already initialized, skipping
Registering precompiled user dll's ...
Registered in 0.000697 seconds.
Begin MonoManager ReloadAssembly
Native extension for OSXStandalone target not found
Refreshing native plugins compatible for Editor in 0.50 ms, found 1 plugins.
Preloading 0 native plugins for Editor in 0.00 ms.
Mono: successfully reloaded assembly
- Completed reload, in  1.151 seconds
Platform modules already initialized, skipping
========================================================================
Worker process is ready to serve import requests
Launching external process: /Applications/Unity/Hub/Editor/2021.1.5f1/Unity.app/Contents/Tools/UnityShaderCompiler
Launched and connected shader compiler UnityShaderCompiler after 0.01 seconds
Refreshing native plugins compatible for Editor in 0.50 ms, found 1 plugins.
Preloading 0 native plugins for Editor in 0.00 ms.
Unloading 1672 Unused Serialized files (Serialized files now loaded: 0)
System memory in use before: 134.4 MB.
System memory in use after: 134.5 MB.

Unloading 49 unused Assets to reduce memory usage. Loaded Objects now: 2100.
Total: 5.564041 ms (FindLiveObjects: 0.134240 ms CreateObjectMapping: 0.054498 ms MarkObjects: 5.308297 ms  DeleteObjects: 0.065967 ms)

========================================================================
Received Import Request.
  path: Assets/PHPMySQLLeaderBoard/Scenes/scene1 - leaderboard communication.unity
  artifactKey: Guid(c7f876a8b96a04865a6cbadd6bd499a6) Importer(815301076,1909f56bfc062723c751e8b465ee728b)
Start importing Assets/PHPMySQLLeaderBoard/Scenes/scene1 - leaderboard communication.unity using Guid(c7f876a8b96a04865a6cbadd6bd499a6) Importer(815301076,1909f56bfc062723c751e8b465ee728b)  -> (artifact id: '2e749140469565ae3b67c96d2087f1f2') in 0.014203 seconds 
========================================================================
Received Prepare
Registering precompiled user dll's ...
Registered in 0.000783 seconds.
Begin MonoManager ReloadAssembly
Native extension for OSXStandalone target not found
Refreshing native plugins compatible for Editor in 0.47 ms, found 1 plugins.
Preloading 0 native plugins for Editor in 0.00 ms.
Mono: successfully reloaded assembly
- Completed reload, in  1.075 seconds
Platform modules already initialized, skipping
Refreshing native plugins compatible for Editor in 0.47 ms, found 1 plugins.
Preloading 0 native plugins for Editor in 0.00 ms.
Unloading 1666 Unused Serialized files (Serialized files now loaded: 0)
System memory in use before: 134.2 MB.
System memory in use after: 134.3 MB.

Unloading 40 unused Assets to reduce memory usage. Loaded Objects now: 2103.
Total: 4.639392 ms (FindLiveObjects: 0.138143 ms CreateObjectMapping: 0.055260 ms MarkObjects: 4.424721 ms  DeleteObjects: 0.020514 ms)

AssetImportWorkerClient::OnTransportError - code=2 error=End of file
